

Started GET "/subjects/1/lectures/1" for 127.0.0.1 at 2014-04-24 08:01:59 -0500
  [1m[36mActiveRecord::SchemaMigration Load (12.3ms)[0m  [1mSELECT "schema_migrations".* FROM "schema_migrations"[0m
Processing by LecturesController#lecture_viewer as HTML
  Parameters: {"subject_id"=>"1", "id"=>"1"}
  [1m[35mLecture Load (5.1ms)[0m  SELECT "lectures".* FROM "lectures" WHERE "lectures"."id" = ? LIMIT 1  [["id", "1"]]
  Rendered lectures/_note_viewer.html.erb (1.6ms)
  [1m[36mAudio Load (58.7ms)[0m  [1mSELECT "audios".* FROM "audios" WHERE "audios"."lecture_id" = ?[0m  [["lecture_id", 1]]
  Rendered lectures/_media_placeholder.html.erb (242.4ms)
  [1m[35mVideo Load (10.8ms)[0m  SELECT "videos".* FROM "videos" WHERE "videos"."lecture_id" = ?  [["lecture_id", 1]]
  Rendered lectures/_media_placeholder.html.erb (67.0ms)
  [1m[36mImage Load (5.5ms)[0m  [1mSELECT "images".* FROM "images" WHERE "images"."lecture_id" = ? ORDER BY "images"."order" ASC[0m  [["lecture_id", 1]]
  Rendered lectures/_image_viewer.html.erb (1329.6ms)
  Rendered lectures/lecture_viewer.html.erb within layouts/application (2572.0ms)
  [1m[35mSubject Load (13.6ms)[0m  SELECT "subjects".* FROM "subjects"
Completed 200 OK in 10596ms (Views: 9185.6ms | ActiveRecord: 224.8ms)


Started GET "/subjects/1/lectures/1" for 127.0.0.1 at 2014-04-24 08:02:11 -0500
Processing by LecturesController#lecture_viewer as HTML
  Parameters: {"subject_id"=>"1", "id"=>"1"}
  [1m[36mLecture Load (11.8ms)[0m  [1mSELECT "lectures".* FROM "lectures" WHERE "lectures"."id" = ? LIMIT 1[0m  [["id", "1"]]
  Rendered lectures/_note_viewer.html.erb (1.2ms)
  [1m[35mAudio Load (11.1ms)[0m  SELECT "audios".* FROM "audios" WHERE "audios"."lecture_id" = ?  [["lecture_id", 1]]
  Rendered lectures/_media_placeholder.html.erb (23.7ms)
  [1m[36mVideo Load (18.7ms)[0m  [1mSELECT "videos".* FROM "videos" WHERE "videos"."lecture_id" = ?[0m  [["lecture_id", 1]]
  Rendered lectures/_media_placeholder.html.erb (23.3ms)
  [1m[35mImage Load (10.6ms)[0m  SELECT "images".* FROM "images" WHERE "images"."lecture_id" = ? ORDER BY "images"."order" ASC  [["lecture_id", 1]]
  Rendered lectures/_image_viewer.html.erb (526.6ms)
  Rendered lectures/lecture_viewer.html.erb within layouts/application (1226.0ms)
  [1m[36mSubject Load (11.4ms)[0m  [1mSELECT "subjects".* FROM "subjects"[0m
Completed 200 OK in 3123ms (Views: 3049.1ms | ActiveRecord: 63.5ms)


Started GET "/assets/application.css?body=1" for 127.0.0.1 at 2014-04-24 08:02:15 -0500


Started GET "/assets/jquery.js?body=1" for 127.0.0.1 at 2014-04-24 08:02:16 -0500


Started GET "/subjects/1/lectures/css/sb-admin.css" for 127.0.0.1 at 2014-04-24 08:02:17 -0500

ActionController::RoutingError (No route matches [GET] "/subjects/1/lectures/css/sb-admin.css"):
  actionpack (4.0.2) lib/action_dispatch/middleware/debug_exceptions.rb:21:in `call'
  actionpack (4.0.2) lib/action_dispatch/middleware/show_exceptions.rb:30:in `call'
  railties (4.0.2) lib/rails/rack/logger.rb:38:in `call_app'
  railties (4.0.2) lib/rails/rack/logger.rb:20:in `block in call'
  activesupport (4.0.2) lib/active_support/tagged_logging.rb:67:in `block in tagged'
  activesupport (4.0.2) lib/active_support/tagged_logging.rb:25:in `tagged'
  activesupport (4.0.2) lib/active_support/tagged_logging.rb:67:in `tagged'
  railties (4.0.2) lib/rails/rack/logger.rb:20:in `call'
  actionpack (4.0.2) lib/action_dispatch/middleware/request_id.rb:21:in `call'
  rack (1.5.2) lib/rack/methodoverride.rb:21:in `call'
  rack (1.5.2) lib/rack/runtime.rb:17:in `call'
  activesupport (4.0.2) lib/active_support/cache/strategy/local_cache.rb:83:in `call'
  rack (1.5.2) lib/rack/lock.rb:17:in `call'
  actionpack (4.0.2) lib/action_dispatch/middleware/static.rb:64:in `call'
  rack (1.5.2) lib/rack/sendfile.rb:112:in `call'
  railties (4.0.2) lib/rails/engine.rb:511:in `call'
  railties (4.0.2) lib/rails/application.rb:97:in `call'
  rack (1.5.2) lib/rack/lock.rb:17:in `call'
  rack (1.5.2) lib/rack/content_length.rb:14:in `call'
  rack (1.5.2) lib/rack/handler/webrick.rb:60:in `service'
  /home/mizu/.rvm/rubies/ruby-2.1.0/lib/ruby/2.1.0/webrick/httpserver.rb:138:in `service'
  /home/mizu/.rvm/rubies/ruby-2.1.0/lib/ruby/2.1.0/webrick/httpserver.rb:94:in `run'
  /home/mizu/.rvm/rubies/ruby-2.1.0/lib/ruby/2.1.0/webrick/server.rb:295:in `block in start_thread'


  Rendered /home/mizu/.rvm/gems/ruby-2.1.0/gems/actionpack-4.0.2/lib/action_dispatch/middleware/templates/rescues/_trace.erb (14.2ms)
  Rendered /home/mizu/.rvm/gems/ruby-2.1.0/gems/actionpack-4.0.2/lib/action_dispatch/middleware/templates/routes/_route.html.erb (17.0ms)
  Rendered /home/mizu/.rvm/gems/ruby-2.1.0/gems/actionpack-4.0.2/lib/action_dispatch/middleware/templates/routes/_table.html.erb (40.1ms)
  Rendered /home/mizu/.rvm/gems/ruby-2.1.0/gems/actionpack-4.0.2/lib/action_dispatch/middleware/templates/rescues/routing_error.erb within rescues/layout (232.3ms)


Started GET "/assets/normal/subjects.css?body=1" for 127.0.0.1 at 2014-04-24 08:02:18 -0500


Started GET "/assets/normal/main.css?body=1" for 127.0.0.1 at 2014-04-24 08:02:19 -0500


Started GET "/assets/normal/notes.css?body=1" for 127.0.0.1 at 2014-04-24 08:02:19 -0500


Started GET "/assets/jquery_ujs.js?body=1" for 127.0.0.1 at 2014-04-24 08:02:20 -0500


Started GET "/assets/twitter/bootstrap/bootstrap-transition.js?body=1" for 127.0.0.1 at 2014-04-24 08:02:21 -0500


Started GET "/assets/twitter/bootstrap/bootstrap-alert.js?body=1" for 127.0.0.1 at 2014-04-24 08:02:21 -0500


Started GET "/assets/twitter/bootstrap/bootstrap-modal.js?body=1" for 127.0.0.1 at 2014-04-24 08:02:22 -0500


Started GET "/assets/twitter/bootstrap/bootstrap-dropdown.js?body=1" for 127.0.0.1 at 2014-04-24 08:02:23 -0500


Started GET "/assets/twitter/bootstrap/bootstrap-scrollspy.js?body=1" for 127.0.0.1 at 2014-04-24 08:02:24 -0500


Started GET "/assets/twitter/bootstrap/bootstrap-tab.js?body=1" for 127.0.0.1 at 2014-04-24 08:02:24 -0500


Started GET "/assets/twitter/bootstrap/bootstrap-tooltip.js?body=1" for 127.0.0.1 at 2014-04-24 08:02:25 -0500


Started GET "/assets/twitter/bootstrap/bootstrap-popover.js?body=1" for 127.0.0.1 at 2014-04-24 08:02:26 -0500


Started GET "/assets/twitter/bootstrap/bootstrap-button.js?body=1" for 127.0.0.1 at 2014-04-24 08:02:26 -0500


Started GET "/assets/twitter/bootstrap/bootstrap-collapse.js?body=1" for 127.0.0.1 at 2014-04-24 08:02:27 -0500


Started GET "/assets/twitter/bootstrap/bootstrap-carousel.js?body=1" for 127.0.0.1 at 2014-04-24 08:02:28 -0500


Started GET "/assets/twitter/bootstrap/bootstrap-typeahead.js?body=1" for 127.0.0.1 at 2014-04-24 08:02:28 -0500


Started GET "/assets/twitter/bootstrap/bootstrap-affix.js?body=1" for 127.0.0.1 at 2014-04-24 08:02:29 -0500


Started GET "/assets/twitter/bootstrap.js?body=1" for 127.0.0.1 at 2014-04-24 08:02:30 -0500


Started GET "/assets/turbolinks.js?body=1" for 127.0.0.1 at 2014-04-24 08:02:31 -0500


Started GET "/assets/bootstrap-wysiwyg.js?body=1" for 127.0.0.1 at 2014-04-24 08:02:32 -0500


Started GET "/assets/bootstrap.js?body=1" for 127.0.0.1 at 2014-04-24 08:02:32 -0500


Started GET "/assets/jquery-ui.js?body=1" for 127.0.0.1 at 2014-04-24 08:02:33 -0500


Started GET "/assets/images.js?body=1" for 127.0.0.1 at 2014-04-24 08:02:34 -0500


Started GET "/assets/jquery.hotkeys.js?body=1" for 127.0.0.1 at 2014-04-24 08:02:34 -0500


Started GET "/assets/landing.js?body=1" for 127.0.0.1 at 2014-04-24 08:02:35 -0500


Started GET "/assets/lectures.js?body=1" for 127.0.0.1 at 2014-04-24 08:02:36 -0500


Started GET "/assets/mobile_api.js?body=1" for 127.0.0.1 at 2014-04-24 08:02:37 -0500


Started GET "/assets/notes.js?body=1" for 127.0.0.1 at 2014-04-24 08:02:37 -0500


Started GET "/assets/static.js?body=1" for 127.0.0.1 at 2014-04-24 08:02:38 -0500


Started GET "/assets/subjects.js?body=1" for 127.0.0.1 at 2014-04-24 08:02:39 -0500


Started GET "/assets/application.js?body=1" for 127.0.0.1 at 2014-04-24 08:02:39 -0500


Started GET "/javascripts/defaults.js" for 127.0.0.1 at 2014-04-24 08:02:41 -0500

ActionController::RoutingError (No route matches [GET] "/javascripts/defaults.js"):
  actionpack (4.0.2) lib/action_dispatch/middleware/debug_exceptions.rb:21:in `call'
  actionpack (4.0.2) lib/action_dispatch/middleware/show_exceptions.rb:30:in `call'
  railties (4.0.2) lib/rails/rack/logger.rb:38:in `call_app'
  railties (4.0.2) lib/rails/rack/logger.rb:20:in `block in call'
  activesupport (4.0.2) lib/active_support/tagged_logging.rb:67:in `block in tagged'
  activesupport (4.0.2) lib/active_support/tagged_logging.rb:25:in `tagged'
  activesupport (4.0.2) lib/active_support/tagged_logging.rb:67:in `tagged'
  railties (4.0.2) lib/rails/rack/logger.rb:20:in `call'
  actionpack (4.0.2) lib/action_dispatch/middleware/request_id.rb:21:in `call'
  rack (1.5.2) lib/rack/methodoverride.rb:21:in `call'
  rack (1.5.2) lib/rack/runtime.rb:17:in `call'
  activesupport (4.0.2) lib/active_support/cache/strategy/local_cache.rb:83:in `call'
  rack (1.5.2) lib/rack/lock.rb:17:in `call'
  actionpack (4.0.2) lib/action_dispatch/middleware/static.rb:64:in `call'
  rack (1.5.2) lib/rack/sendfile.rb:112:in `call'
  railties (4.0.2) lib/rails/engine.rb:511:in `call'
  railties (4.0.2) lib/rails/application.rb:97:in `call'
  rack (1.5.2) lib/rack/lock.rb:17:in `call'
  rack (1.5.2) lib/rack/content_length.rb:14:in `call'
  rack (1.5.2) lib/rack/handler/webrick.rb:60:in `service'
  /home/mizu/.rvm/rubies/ruby-2.1.0/lib/ruby/2.1.0/webrick/httpserver.rb:138:in `service'
  /home/mizu/.rvm/rubies/ruby-2.1.0/lib/ruby/2.1.0/webrick/httpserver.rb:94:in `run'
  /home/mizu/.rvm/rubies/ruby-2.1.0/lib/ruby/2.1.0/webrick/server.rb:295:in `block in start_thread'


  Rendered /home/mizu/.rvm/gems/ruby-2.1.0/gems/actionpack-4.0.2/lib/action_dispatch/middleware/templates/rescues/_trace.erb (9.3ms)
  Rendered /home/mizu/.rvm/gems/ruby-2.1.0/gems/actionpack-4.0.2/lib/action_dispatch/middleware/templates/routes/_route.html.erb (18.8ms)
  Rendered /home/mizu/.rvm/gems/ruby-2.1.0/gems/actionpack-4.0.2/lib/action_dispatch/middleware/templates/routes/_table.html.erb (8.1ms)
  Rendered /home/mizu/.rvm/gems/ruby-2.1.0/gems/actionpack-4.0.2/lib/action_dispatch/middleware/templates/rescues/routing_error.erb within rescues/layout (192.3ms)


Started GET "/subjects/1/lectures/js/jquery-1.10.2.js" for 127.0.0.1 at 2014-04-24 08:02:42 -0500

ActionController::RoutingError (No route matches [GET] "/subjects/1/lectures/js/jquery-1.10.2.js"):
  actionpack (4.0.2) lib/action_dispatch/middleware/debug_exceptions.rb:21:in `call'
  actionpack (4.0.2) lib/action_dispatch/middleware/show_exceptions.rb:30:in `call'
  railties (4.0.2) lib/rails/rack/logger.rb:38:in `call_app'
  railties (4.0.2) lib/rails/rack/logger.rb:20:in `block in call'
  activesupport (4.0.2) lib/active_support/tagged_logging.rb:67:in `block in tagged'
  activesupport (4.0.2) lib/active_support/tagged_logging.rb:25:in `tagged'
  activesupport (4.0.2) lib/active_support/tagged_logging.rb:67:in `tagged'
  railties (4.0.2) lib/rails/rack/logger.rb:20:in `call'
  actionpack (4.0.2) lib/action_dispatch/middleware/request_id.rb:21:in `call'
  rack (1.5.2) lib/rack/methodoverride.rb:21:in `call'
  rack (1.5.2) lib/rack/runtime.rb:17:in `call'
  activesupport (4.0.2) lib/active_support/cache/strategy/local_cache.rb:83:in `call'
  rack (1.5.2) lib/rack/lock.rb:17:in `call'
  actionpack (4.0.2) lib/action_dispatch/middleware/static.rb:64:in `call'
  rack (1.5.2) lib/rack/sendfile.rb:112:in `call'
  railties (4.0.2) lib/rails/engine.rb:511:in `call'
  railties (4.0.2) lib/rails/application.rb:97:in `call'
  rack (1.5.2) lib/rack/lock.rb:17:in `call'
  rack (1.5.2) lib/rack/content_length.rb:14:in `call'
  rack (1.5.2) lib/rack/handler/webrick.rb:60:in `service'
  /home/mizu/.rvm/rubies/ruby-2.1.0/lib/ruby/2.1.0/webrick/httpserver.rb:138:in `service'
  /home/mizu/.rvm/rubies/ruby-2.1.0/lib/ruby/2.1.0/webrick/httpserver.rb:94:in `run'
  /home/mizu/.rvm/rubies/ruby-2.1.0/lib/ruby/2.1.0/webrick/server.rb:295:in `block in start_thread'


  Rendered /home/mizu/.rvm/gems/ruby-2.1.0/gems/actionpack-4.0.2/lib/action_dispatch/middleware/templates/rescues/_trace.erb (2.6ms)
  Rendered /home/mizu/.rvm/gems/ruby-2.1.0/gems/actionpack-4.0.2/lib/action_dispatch/middleware/templates/routes/_route.html.erb (17.6ms)
  Rendered /home/mizu/.rvm/gems/ruby-2.1.0/gems/actionpack-4.0.2/lib/action_dispatch/middleware/templates/routes/_table.html.erb (10.9ms)
  Rendered /home/mizu/.rvm/gems/ruby-2.1.0/gems/actionpack-4.0.2/lib/action_dispatch/middleware/templates/rescues/routing_error.erb within rescues/layout (164.3ms)


Started GET "/subjects/1/lectures/js/bootstrap.js" for 127.0.0.1 at 2014-04-24 08:02:43 -0500

ActionController::RoutingError (No route matches [GET] "/subjects/1/lectures/js/bootstrap.js"):
  actionpack (4.0.2) lib/action_dispatch/middleware/debug_exceptions.rb:21:in `call'
  actionpack (4.0.2) lib/action_dispatch/middleware/show_exceptions.rb:30:in `call'
  railties (4.0.2) lib/rails/rack/logger.rb:38:in `call_app'
  railties (4.0.2) lib/rails/rack/logger.rb:20:in `block in call'
  activesupport (4.0.2) lib/active_support/tagged_logging.rb:67:in `block in tagged'
  activesupport (4.0.2) lib/active_support/tagged_logging.rb:25:in `tagged'
  activesupport (4.0.2) lib/active_support/tagged_logging.rb:67:in `tagged'
  railties (4.0.2) lib/rails/rack/logger.rb:20:in `call'
  actionpack (4.0.2) lib/action_dispatch/middleware/request_id.rb:21:in `call'
  rack (1.5.2) lib/rack/methodoverride.rb:21:in `call'
  rack (1.5.2) lib/rack/runtime.rb:17:in `call'
  activesupport (4.0.2) lib/active_support/cache/strategy/local_cache.rb:83:in `call'
  rack (1.5.2) lib/rack/lock.rb:17:in `call'
  actionpack (4.0.2) lib/action_dispatch/middleware/static.rb:64:in `call'
  rack (1.5.2) lib/rack/sendfile.rb:112:in `call'
  railties (4.0.2) lib/rails/engine.rb:511:in `call'
  railties (4.0.2) lib/rails/application.rb:97:in `call'
  rack (1.5.2) lib/rack/lock.rb:17:in `call'
  rack (1.5.2) lib/rack/content_length.rb:14:in `call'
  rack (1.5.2) lib/rack/handler/webrick.rb:60:in `service'
  /home/mizu/.rvm/rubies/ruby-2.1.0/lib/ruby/2.1.0/webrick/httpserver.rb:138:in `service'
  /home/mizu/.rvm/rubies/ruby-2.1.0/lib/ruby/2.1.0/webrick/httpserver.rb:94:in `run'
  /home/mizu/.rvm/rubies/ruby-2.1.0/lib/ruby/2.1.0/webrick/server.rb:295:in `block in start_thread'


  Rendered /home/mizu/.rvm/gems/ruby-2.1.0/gems/actionpack-4.0.2/lib/action_dispatch/middleware/templates/rescues/_trace.erb (12.6ms)
  Rendered /home/mizu/.rvm/gems/ruby-2.1.0/gems/actionpack-4.0.2/lib/action_dispatch/middleware/templates/routes/_route.html.erb (17.3ms)
  Rendered /home/mizu/.rvm/gems/ruby-2.1.0/gems/actionpack-4.0.2/lib/action_dispatch/middleware/templates/routes/_table.html.erb (7.2ms)
  Rendered /home/mizu/.rvm/gems/ruby-2.1.0/gems/actionpack-4.0.2/lib/action_dispatch/middleware/templates/rescues/routing_error.erb within rescues/layout (161.6ms)


Started GET "/images/delete" for 127.0.0.1 at 2014-04-24 08:03:12 -0500
Processing by ImagesController#delete as HTML
Completed 500 Internal Server Error in 2ms

NoMethodError (undefined method `destroy' for nil:NilClass):
  app/controllers/images_controller.rb:31:in `delete'


  Rendered /home/mizu/.rvm/gems/ruby-2.1.0/gems/actionpack-4.0.2/lib/action_dispatch/middleware/templates/rescues/_source.erb (5.7ms)
  Rendered /home/mizu/.rvm/gems/ruby-2.1.0/gems/actionpack-4.0.2/lib/action_dispatch/middleware/templates/rescues/_trace.erb (8.5ms)
  Rendered /home/mizu/.rvm/gems/ruby-2.1.0/gems/actionpack-4.0.2/lib/action_dispatch/middleware/templates/rescues/_request_and_response.erb (7.8ms)
  Rendered /home/mizu/.rvm/gems/ruby-2.1.0/gems/actionpack-4.0.2/lib/action_dispatch/middleware/templates/rescues/diagnostics.erb within rescues/layout (107.3ms)


Started GET "/images/delete" for 127.0.0.1 at 2014-04-24 08:03:13 -0500
Processing by ImagesController#delete as HTML
Completed 500 Internal Server Error in 2ms

NoMethodError (undefined method `destroy' for nil:NilClass):
  app/controllers/images_controller.rb:31:in `delete'


  Rendered /home/mizu/.rvm/gems/ruby-2.1.0/gems/actionpack-4.0.2/lib/action_dispatch/middleware/templates/rescues/_source.erb (2.4ms)
  Rendered /home/mizu/.rvm/gems/ruby-2.1.0/gems/actionpack-4.0.2/lib/action_dispatch/middleware/templates/rescues/_trace.erb (12.0ms)
  Rendered /home/mizu/.rvm/gems/ruby-2.1.0/gems/actionpack-4.0.2/lib/action_dispatch/middleware/templates/rescues/_request_and_response.erb (14.9ms)
  Rendered /home/mizu/.rvm/gems/ruby-2.1.0/gems/actionpack-4.0.2/lib/action_dispatch/middleware/templates/rescues/diagnostics.erb within rescues/layout (114.5ms)


Started GET "/images/delete" for 127.0.0.1 at 2014-04-24 08:07:14 -0500
Processing by ImagesController#delete as HTML
Completed 500 Internal Server Error in 1ms

NoMethodError (undefined method `destroy' for nil:NilClass):
  app/controllers/images_controller.rb:31:in `delete'


  Rendered /home/mizu/.rvm/gems/ruby-2.1.0/gems/actionpack-4.0.2/lib/action_dispatch/middleware/templates/rescues/_source.erb (1.6ms)
  Rendered /home/mizu/.rvm/gems/ruby-2.1.0/gems/actionpack-4.0.2/lib/action_dispatch/middleware/templates/rescues/_trace.erb (9.0ms)
  Rendered /home/mizu/.rvm/gems/ruby-2.1.0/gems/actionpack-4.0.2/lib/action_dispatch/middleware/templates/rescues/_request_and_response.erb (11.5ms)
  Rendered /home/mizu/.rvm/gems/ruby-2.1.0/gems/actionpack-4.0.2/lib/action_dispatch/middleware/templates/rescues/diagnostics.erb within rescues/layout (74.1ms)


Started GET "/images/delete" for 127.0.0.1 at 2014-04-24 08:07:23 -0500
Processing by ImagesController#delete as HTML
Completed 500 Internal Server Error in 1ms

NoMethodError (undefined method `destroy' for nil:NilClass):
  app/controllers/images_controller.rb:31:in `delete'


  Rendered /home/mizu/.rvm/gems/ruby-2.1.0/gems/actionpack-4.0.2/lib/action_dispatch/middleware/templates/rescues/_source.erb (1.9ms)
  Rendered /home/mizu/.rvm/gems/ruby-2.1.0/gems/actionpack-4.0.2/lib/action_dispatch/middleware/templates/rescues/_trace.erb (7.8ms)
  Rendered /home/mizu/.rvm/gems/ruby-2.1.0/gems/actionpack-4.0.2/lib/action_dispatch/middleware/templates/rescues/_request_and_response.erb (2.6ms)
  Rendered /home/mizu/.rvm/gems/ruby-2.1.0/gems/actionpack-4.0.2/lib/action_dispatch/middleware/templates/rescues/diagnostics.erb within rescues/layout (75.9ms)


Started GET "/images/delete" for 127.0.0.1 at 2014-04-24 08:07:24 -0500
Processing by ImagesController#delete as HTML
Completed 500 Internal Server Error in 1ms

NoMethodError (undefined method `destroy' for nil:NilClass):
  app/controllers/images_controller.rb:31:in `delete'


  Rendered /home/mizu/.rvm/gems/ruby-2.1.0/gems/actionpack-4.0.2/lib/action_dispatch/middleware/templates/rescues/_source.erb (1.4ms)
  Rendered /home/mizu/.rvm/gems/ruby-2.1.0/gems/actionpack-4.0.2/lib/action_dispatch/middleware/templates/rescues/_trace.erb (15.7ms)
  Rendered /home/mizu/.rvm/gems/ruby-2.1.0/gems/actionpack-4.0.2/lib/action_dispatch/middleware/templates/rescues/_request_and_response.erb (9.5ms)
  Rendered /home/mizu/.rvm/gems/ruby-2.1.0/gems/actionpack-4.0.2/lib/action_dispatch/middleware/templates/rescues/diagnostics.erb within rescues/layout (83.3ms)
